INFO: <2023-08-02 21:08>  Running get_scripts_test_info([('self', <sai_engine.lib.web_scraper_bs4.webScraper object at 0x7f90bace5db0>), ('stm_version', '7_3_1'), ('stm_build', '11566'), ('scripts', [])])
INFO: <2023-08-02 21:08>  Running get_webdriver([('self', <sai_engine.lib.web_scraper_bs4.webScraper object at 0x7f90bace5db0>), ('url', '/home/amith/sailytics/production_server/sai_engine/sai_engine/jenkins_logs/7_3_1/13/consolidated_report.html')])
INFO: <2023-08-02 21:08>  Running click_element([('self', <sai_engine.lib.web_scraper_bs4.webScraper object at 0x7f90bace5db0>), ('driver', <selenium.webdriver.chrome.webdriver.WebDriver (session="c5f89b536efaa5e69ff089012d163abd")>), ('element_locator_type', 'LINK_TEXT'), ('value', 'ConOut . Alarms')])
INFO: <2023-08-02 21:08>  Element clicked <a href="#suites?s1-s1"><span class="parent-name">ConOut . </span>Alarms</a>
INFO: <2023-08-02 21:08>  Got the testcase failure details of: []
INFO: <2023-08-02 21:08>  Running click_element([('self', <sai_engine.lib.web_scraper_bs4.webScraper object at 0x7f90bace5db0>), ('driver', <selenium.webdriver.chrome.webdriver.WebDriver (session="c5f89b536efaa5e69ff089012d163abd")>), ('element_locator_type', 'LINK_TEXT'), ('value', 'ConOut . Accesspoints')])
INFO: <2023-08-02 21:08>  Element clicked <a href="#suites?s1-s2"><span class="parent-name">ConOut . </span>Accesspoints</a>
INFO: <2023-08-02 21:08>  Got the testcase failure details of: [{'status': 'FAIL', 'TC102': 'Access-points with no hosts added explicitly, Verify hosts are assigned to the respective accesspoint based on subnets', 'message': 'Expected FlowCount to be 0, but actual flow_count is 20'}, {'status': 'FAIL', 'TC1021': " Verify add or removal of a host from accesspoint when a host is explicitely added to any of the accesspoint not corresponding to it's address", 'message': 'Expected_host_count not same as actual_host_count'}, {'status': 'FAIL', 'TC1022': ' Verify new hosts are correctly associated to respective accesspoints on widening the subnet corresponding to a accesspoint', 'message': 'Expected_host_count not same as actual_host_count'}, {'status': 'FAIL', 'TC1023': ' Verify new hosts are correctly associated to repective accesspoints on narrowing the subnet corresponding to a accesspoint', 'message': 'Expected FlowCount to be 40, but actual flow_count is 60'}, {'status': 'FAIL', 'TC1024': ' Access-points with subnets and VLAN', 'message': '***REST API CALL FAILED , Likely Issue With STM API or STM is Down/Restarted/Crashed etc... error code 400 (BAD REQUEST):\nREQUEST:{\'downstream_cir\': \'100000\', \'name\': \'ap_vlan1\', \'upstream_mir\': \'150000\', \'interface\': \'stm1.1001\', \'downstream_mir\': \'150000\', \'upstream_cir\': \'100000\'}\nRESPONSE:{"message":"interface \'stm1.1001\' does not exist for \'interface\'","status":400}\n'}]
INFO: <2023-08-02 21:08>  Running click_element([('self', <sai_engine.lib.web_scraper_bs4.webScraper object at 0x7f90bace5db0>), ('driver', <selenium.webdriver.chrome.webdriver.WebDriver (session="c5f89b536efaa5e69ff089012d163abd")>), ('element_locator_type', 'LINK_TEXT'), ('value', 'ConOut . Accesspoint-Policies-Cirmir')])
INFO: <2023-08-02 21:08>  Element clicked <a href="#suites?s1-s3"><span class="parent-name">ConOut . </span>Accesspoint-Policies-Cirmir</a>
INFO: <2023-08-02 21:08>  Got the testcase failure details of: [{'status': 'FAIL', 'TC101': 'Verify Basic Working of Access-point cir/mir, with no policy attached to access point', 'message': 'Expected FlowCount to be 120, but actual flow_count is 486'}, {'status': 'FAIL', 'TC104': 'Change Policy Percent Values', 'message': 'accesspoints rates verification for one or more APs failed'}]
INFO: <2023-08-02 21:08>  Running click_element([('self', <sai_engine.lib.web_scraper_bs4.webScraper object at 0x7f90bace5db0>), ('driver', <selenium.webdriver.chrome.webdriver.WebDriver (session="c5f89b536efaa5e69ff089012d163abd")>), ('element_locator_type', 'LINK_TEXT'), ('value', 'ConOut . Application Detection')])
INFO: <2023-08-02 21:08>  Element clicked <a href="#suites?s1-s4"><span class="parent-name">ConOut . </span>Application Detection</a>
INFO: <2023-08-02 21:08>  Got the testcase failure details of: []
INFO: <2023-08-02 21:08>  Running click_element([('self', <sai_engine.lib.web_scraper_bs4.webScraper object at 0x7f90bace5db0>), ('driver', <selenium.webdriver.chrome.webdriver.WebDriver (session="c5f89b536efaa5e69ff089012d163abd")>), ('element_locator_type', 'LINK_TEXT'), ('value', 'ConOut . Applications Policy 7 3 1')])
INFO: <2023-08-02 21:08>  Element clicked <a href="#suites?s1-s5"><span class="parent-name">ConOut . </span>Applications Policy 7 3 1</a>
INFO: <2023-08-02 21:08>  Got the testcase failure details of: [{'status': 'FAIL', 'TC104': 'Verify Rate Multiplier Function', 'message': 'Fail: Apps Bandwidth Check :myappgrp_1 Configured 50.0% of intfrate-1000000 Tolerance 50 low/high 85000/255000, Avg. Actual Bw 316304.3'}]
INFO: <2023-08-02 21:08>  Running click_element([('self', <sai_engine.lib.web_scraper_bs4.webScraper object at 0x7f90bace5db0>), ('driver', <selenium.webdriver.chrome.webdriver.WebDriver (session="c5f89b536efaa5e69ff089012d163abd")>), ('element_locator_type', 'LINK_TEXT'), ('value', 'ConOut . Burstbw')])
INFO: <2023-08-02 21:08>  Element clicked <a href="#suites?s1-s6"><span class="parent-name">ConOut . </span>Burstbw</a>
INFO: <2023-08-02 21:08>  Got the testcase failure details of: [{'status': 'FAIL', 'TC101': 'Verify BurstBW for 100 Hosts', 'message': "One or More Hosts Traffic Rates was not as per burstbw config.\nbad-burst_samples ={u'100.100.65.1': 0, u'100.100.85.1': 0, u'100.100.29.1': 0, u'100.100.10.1': 0, u'100.100.36.1': 0, u'100.100.63.1': 0, u'100.100.35.1': 0, u'100.100.61.1': 0, u'100.100.30.1': 0, u'100.100.48.1': 0, u'100.100.99.1': 0, u'100.100.37.1': 0, u'100.100.32.1': 0, u'100.100.16.1': 0, u'100.100.69.1': 0, u'100.100.89.1': 0, u'100.100.97.1': 0, u'100.100.96.1': 0, u'100.100.2.1': 0, u'100.100.38.1': 0, u'100.100.23.1': 0, u'100.100.4.1': 0, u'100.100.59.1': 0, u'100.100.6.1': 0, u'100.100.80.1': 0, u'100.100.82.1': 0, u'100.100.93.1': 0, u'100.100.34.1': 0, u'100.100.49.1': 0, u'100.100.98.1': 0, u'100.100.3.1': 0, u'100.100.73.1': 0, u'100.100.40.1': 0, u'100.100.91.1': 0, u'100.100.75.1': 0, u'100.100.42.1': 0, u'100.100.7.1': 0, u'100.100.8.1': 0, u'100.100.5.1': 0, u'100.100.58.1': 0, u'100.100.81.1': 0, u'100.100.77.1': 0, u'100.100.53.1': 0, u'100.100.44.1': 0, u'100.100.83.1': 0, u'100.100.51.1': 0, u'100.100.79.1': 0, u'100.100.46.1': 0, u'100.100.1.1': 0, u'100.100.19.1': 0, u'100.100.71.1': 0, u'100.100.100.1': 0, u'100.100.15.1': 0, u'100.100.92.1': 0, u'100.100.72.1': 0, u'100.100.66.1': 0, u'100.100.41.1': 0, u'100.100.57.1': 0, u'100.100.90.1': 0, u'100.100.13.1': 0, u'100.100.64.1': 0, u'100.100.74.1': 0, u'100.100.55.1': 0, u'100.100.26.1': 0, u'100.100.9.1': 0, u'100.100.87.1': 0, u'100.100.24.1': 0, u'100.100.43.1': 0, u'100.100.28.1': 0, u'100.100.11.1': 0, u'100.100.76.1': 0, u'100.100.86.1': 0, u'100.100.52.1': 0, u'100.100.62.1': 0, u'100.100.45.1': 0, u'100.100.60.1': 0, u'100.100.78.1': 0, u'100.100.31.1': 0, u'100.100.47.1': 0, u'100.100.94.1': 0, u'100.100.33.1': 0, u'100.100.18.1': 0, u'100.100.17.1': 0, u'100.100.68.1': 0, u'100.100.70.1': 0, u'100.100.88.1': 0, u'100.100.50.1': 0, u'100.100.14.1': 0, u'100.100.95.1': 0, u'100.100.21.1': 0, u'100.100.67.1': 0, u'100.100.56.1': 0, u'100.100.39.1': 0, u'100.100.12.1': 0, u'100.100.22.1': 0, u'100.100.54.1': 0, u'100.100.27.1': 0, u'100.100.20.1': 0, u'100.100.25.1': 0, u'100.100.84.1': 0} \nbad_recovery_samples = {}"}, {'status': 'FAIL', 'TC102': 'Verify Stm Recovers From A Crash And Burst Happens', 'message': "One or More Hosts Traffic Rates was not as per burstbw config.\nbad-burst_samples ={u'100.100.65.1': 0, u'100.100.85.1': 0, u'100.100.29.1': 0, u'100.100.10.1': 0, u'100.100.36.1': 0, u'100.100.63.1': 0, u'100.100.35.1': 0, u'100.100.61.1': 0, u'100.100.30.1': 0, u'100.100.48.1': 0, u'100.100.99.1': 0, u'100.100.37.1': 0, u'100.100.32.1': 0, u'100.100.16.1': 0, u'100.100.69.1': 0, u'100.100.89.1': 0, u'100.100.97.1': 0, u'100.100.96.1': 0, u'100.100.2.1': 0, u'100.100.38.1': 0, u'100.100.23.1': 0, u'100.100.4.1': 0, u'100.100.59.1': 0, u'100.100.6.1': 0, u'100.100.80.1': 0, u'100.100.82.1': 0, u'100.100.93.1': 0, u'100.100.34.1': 0, u'100.100.49.1': 0, u'100.100.98.1': 0, u'100.100.3.1': 0, u'100.100.73.1': 0, u'100.100.40.1': 0, u'100.100.91.1': 0, u'100.100.75.1': 0, u'100.100.42.1': 0, u'100.100.7.1': 0, u'100.100.8.1': 0, u'100.100.5.1': 0, u'100.100.58.1': 0, u'100.100.81.1': 0, u'100.100.77.1': 0, u'100.100.53.1': 0, u'100.100.44.1': 0, u'100.100.83.1': 0, u'100.100.51.1': 0, u'100.100.79.1': 0, u'100.100.46.1': 0, u'100.100.1.1': 0, u'100.100.19.1': 0, u'100.100.71.1': 0, u'100.100.100.1': 0, u'100.100.15.1': 0, u'100.100.92.1': 0, u'100.100.72.1': 0, u'100.100.66.1': 0, u'100.100.41.1': 0, u'100.100.57.1': 0, u'100.100.90.1': 0, u'100.100.13.1': 0, u'100.100.64.1': 0, u'100.100.74.1': 0, u'100.100.55.1': 0, u'100.100.26.1': 0, u'100.100.9.1': 0, u'100.100.87.1': 0, u'100.100.24.1': 0, u'100.100.43.1': 0, u'100.100.28.1': 0, u'100.100.11.1': 0, u'100.100.76.1': 0, u'100.100.86.1': 0, u'100.100.52.1': 0, u'100.100.62.1': 0, u'100.100.45.1': 0, u'100.100.60.1': 0, u'100.100.78.1': 0, u'100.100.31.1': 0, u'100.100.47.1': 0, u'100.100.94.1': 0, u'100.100.33.1': 0, u'100.100.18.1': 0, u'100.100.17.1': 0, u'100.100.68.1': 0, u'100.100.70.1': 0, u'100.100.88.1': 0, u'100.100.50.1': 0, u'100.100.14.1': 0, u'100.100.95.1': 0, u'100.100.21.1': 0, u'100.100.67.1': 0, u'100.100.56.1': 0, u'100.100.39.1': 0, u'100.100.12.1': 0, u'100.100.22.1': 0, u'100.100.54.1': 0, u'100.100.27.1': 0, u'100.100.20.1': 0, u'100.100.25.1': 0, u'100.100.84.1': 0} \nbad_recovery_samples = {}"}]
INFO: <2023-08-02 21:08>  Running click_element([('self', <sai_engine.lib.web_scraper_bs4.webScraper object at 0x7f90bace5db0>), ('driver', <selenium.webdriver.chrome.webdriver.WebDriver (session="c5f89b536efaa5e69ff089012d163abd")>), ('element_locator_type', 'LINK_TEXT'), ('value', 'ConOut . Bypass')])
INFO: <2023-08-02 21:08>  Element clicked <a href="#suites?s1-s7"><span class="parent-name">ConOut . </span>Bypass</a>
INFO: <2023-08-02 21:08>  Got the testcase failure details of: []
INFO: <2023-08-02 21:08>  Running click_element([('self', <sai_engine.lib.web_scraper_bs4.webScraper object at 0x7f90bace5db0>), ('driver', <selenium.webdriver.chrome.webdriver.WebDriver (session="c5f89b536efaa5e69ff089012d163abd")>), ('element_locator_type', 'LINK_TEXT'), ('value', 'ConOut . Cirmir')])
INFO: <2023-08-02 21:08>  Element clicked <a href="#suites?s1-s8"><span class="parent-name">ConOut . </span>Cirmir</a>
INFO: <2023-08-02 21:08>  Got the testcase failure details of: []
INFO: <2023-08-02 21:08>  Running click_element([('self', <sai_engine.lib.web_scraper_bs4.webScraper object at 0x7f90bace5db0>), ('driver', <selenium.webdriver.chrome.webdriver.WebDriver (session="c5f89b536efaa5e69ff089012d163abd")>), ('element_locator_type', 'LINK_TEXT'), ('value', 'ConOut . Dhcp')])
INFO: <2023-08-02 21:08>  Element clicked <a href="#suites?s1-s9"><span class="parent-name">ConOut . </span>Dhcp</a>
INFO: <2023-08-02 21:08>  Got the testcase failure details of: []
INFO: <2023-08-02 21:08>  Running click_element([('self', <sai_engine.lib.web_scraper_bs4.webScraper object at 0x7f90bace5db0>), ('driver', <selenium.webdriver.chrome.webdriver.WebDriver (session="c5f89b536efaa5e69ff089012d163abd")>), ('element_locator_type', 'LINK_TEXT'), ('value', 'ConOut . Dualbump')])
INFO: <2023-08-02 21:08>  Element clicked <a href="#suites?s1-s10"><span class="parent-name">ConOut . </span>Dualbump</a>
INFO: <2023-08-02 21:08>  Got the testcase failure details of: []
INFO: <2023-08-02 21:08>  Running click_element([('self', <sai_engine.lib.web_scraper_bs4.webScraper object at 0x7f90bace5db0>), ('driver', <selenium.webdriver.chrome.webdriver.WebDriver (session="c5f89b536efaa5e69ff089012d163abd")>), ('element_locator_type', 'LINK_TEXT'), ('value', 'ConOut . Encap Types')])
INFO: <2023-08-02 21:08>  Element clicked <a href="#suites?s1-s11"><span class="parent-name">ConOut . </span>Encap Types</a>
INFO: <2023-08-02 21:08>  Got the testcase failure details of: [{'status': 'FAIL', 'TC104': 'Verify Basic pppoe traffic on PPPOE encaptype', 'message': 'Traffic not within tolerance - Samples receive_rate stm7 [270329.0, 249801.0, 226474.0, 219967.0, 208886.0, 217699.0, 215749.0, 204706.0, 212990.0, 216718.0, 207011.0, 198035.0, 202018.0, 229137.0, 221012.0, 223344.0, 223018.0, 206946.0, 189063.0, 215374.0, 215472.0, 207783.0, 244489.0, 214472.0, 224363.0, 223958.0, 212997.0, 223006.0, 253784.0, 240737.0] actual avg 220644.6, expected 1000000 ,                       tolerance 35'}]
INFO: <2023-08-02 21:08>  Running click_element([('self', <sai_engine.lib.web_scraper_bs4.webScraper object at 0x7f90bace5db0>), ('driver', <selenium.webdriver.chrome.webdriver.WebDriver (session="c5f89b536efaa5e69ff089012d163abd")>), ('element_locator_type', 'LINK_TEXT'), ('value', 'ConOut . Hostrate Flow Rate Cap')])
INFO: <2023-08-02 21:08>  Element clicked <a href="#suites?s1-s12"><span class="parent-name">ConOut . </span>Hostrate Flow Rate Cap</a>
INFO: <2023-08-02 21:08>  Got the testcase failure details of: [{'status': 'FAIL', 'TC104': 'Verify FLow Rate Cap Gets Applied To All Flows For HOSTS with Rate Plans, Policy and Host Flow Rate Cap', 'message': "Flows not in range for hosts: [u'100.100.44.1', u'100.100.43.1']"}]
INFO: <2023-08-02 21:08>  Running click_element([('self', <sai_engine.lib.web_scraper_bs4.webScraper object at 0x7f90bace5db0>), ('driver', <selenium.webdriver.chrome.webdriver.WebDriver (session="c5f89b536efaa5e69ff089012d163abd")>), ('element_locator_type', 'LINK_TEXT'), ('value', 'ConOut . Geolocations')])
INFO: <2023-08-02 21:08>  Element clicked <a href="#suites?s1-s13"><span class="parent-name">ConOut . </span>Geolocations</a>
INFO: <2023-08-02 21:08>  Got the testcase failure details of: [{'status': 'FAIL', 'TC107': 'Geolocation with subnet-scenario7', 'message': "Gelocations incorrect for these Hosts/Flows - ['Result Fail dest_host=41.189.240.1 Geo=Djibouti ExpectedFlowCnt=11 ActualFlowCnt=10', 'Result Fail dest_host=5.34.169.1 Geo=Israel ExpectedFlowCnt=11 ActualFlowCnt=10']"}]
INFO: <2023-08-02 21:08>  Running click_element([('self', <sai_engine.lib.web_scraper_bs4.webScraper object at 0x7f90bace5db0>), ('driver', <selenium.webdriver.chrome.webdriver.WebDriver (session="c5f89b536efaa5e69ff089012d163abd")>), ('element_locator_type', 'LINK_TEXT'), ('value', 'ConOut . Gui Tests 7 3 1')])
INFO: <2023-08-02 21:08>  Element clicked <a href="#suites?s1-s14"><span class="parent-name">ConOut . </span>Gui Tests 7 3 1</a>
INFO: <2023-08-02 21:08>  Got the testcase failure details of: [{'status': 'FAIL', 'TC101': 'Configure Access Points', 'message': "Parent suite setup failed:\nWebDriverException: Message: unknown error: Chrome failed to start: exited abnormally.\n  (unknown error: DevToolsActivePort file doesn't exist)\n  (The process started from chrome location /usr/bin/google-chrome is no longer running, so ChromeDriver is assuming that Chrome has crashed.)\n"}, {'status': 'FAIL', 'TC102': 'Configure ACL', 'message': "Parent suite setup failed:\nWebDriverException: Message: unknown error: Chrome failed to start: exited abnormally.\n  (unknown error: DevToolsActivePort file doesn't exist)\n  (The process started from chrome location /usr/bin/google-chrome is no longer running, so ChromeDriver is assuming that Chrome has crashed.)\n"}, {'status': 'FAIL', 'TC103': 'Configure VLAN', 'message': "Parent suite setup failed:\nWebDriverException: Message: unknown error: Chrome failed to start: exited abnormally.\n  (unknown error: DevToolsActivePort file doesn't exist)\n  (The process started from chrome location /usr/bin/google-chrome is no longer running, so ChromeDriver is assuming that Chrome has crashed.)\n"}, {'status': 'FAIL', 'TC004': 'Administrators', 'message': "Parent suite setup failed:\nWebDriverException: Message: unknown error: Chrome failed to start: exited abnormally.\n  (unknown error: DevToolsActivePort file doesn't exist)\n  (The process started from chrome location /usr/bin/google-chrome is no longer running, so ChromeDriver is assuming that Chrome has crashed.)\n"}, {'status': 'FAIL', 'TC105': 'Geo Locations', 'message': "Parent suite setup failed:\nWebDriverException: Message: unknown error: Chrome failed to start: exited abnormally.\n  (unknown error: DevToolsActivePort file doesn't exist)\n  (The process started from chrome location /usr/bin/google-chrome is no longer running, so ChromeDriver is assuming that Chrome has crashed.)\n"}, {'status': 'FAIL', 'TC106': 'Application Groups', 'message': "Parent suite setup failed:\nWebDriverException: Message: unknown error: Chrome failed to start: exited abnormally.\n  (unknown error: DevToolsActivePort file doesn't exist)\n  (The process started from chrome location /usr/bin/google-chrome is no longer running, so ChromeDriver is assuming that Chrome has crashed.)\n"}, {'status': 'FAIL', 'TC107': 'Applications', 'message': "Parent suite setup failed:\nWebDriverException: Message: unknown error: Chrome failed to start: exited abnormally.\n  (unknown error: DevToolsActivePort file doesn't exist)\n  (The process started from chrome location /usr/bin/google-chrome is no longer running, so ChromeDriver is assuming that Chrome has crashed.)\n"}, {'status': 'FAIL', 'TC108': 'Groups', 'message': "Parent suite setup failed:\nWebDriverException: Message: unknown error: Chrome failed to start: exited abnormally.\n  (unknown error: DevToolsActivePort file doesn't exist)\n  (The process started from chrome location /usr/bin/google-chrome is no longer running, so ChromeDriver is assuming that Chrome has crashed.)\n"}, {'status': 'FAIL', 'TC109': 'AS Groups', 'message': "Parent suite setup failed:\nWebDriverException: Message: unknown error: Chrome failed to start: exited abnormally.\n  (unknown error: DevToolsActivePort file doesn't exist)\n  (The process started from chrome location /usr/bin/google-chrome is no longer running, so ChromeDriver is assuming that Chrome has crashed.)\n"}, {'status': 'FAIL', 'TC110': 'Geolocation Groups', 'message': "Parent suite setup failed:\nWebDriverException: Message: unknown error: Chrome failed to start: exited abnormally.\n  (unknown error: DevToolsActivePort file doesn't exist)\n  (The process started from chrome location /usr/bin/google-chrome is no longer running, so ChromeDriver is assuming that Chrome has crashed.)\n"}, {'status': 'FAIL', 'TC111': 'NTP Servers', 'message': "Parent suite setup failed:\nWebDriverException: Message: unknown error: Chrome failed to start: exited abnormally.\n  (unknown error: DevToolsActivePort file doesn't exist)\n  (The process started from chrome location /usr/bin/google-chrome is no longer running, so ChromeDriver is assuming that Chrome has crashed.)\n"}, {'status': 'FAIL', 'TC112': 'FIB', 'message': "Parent suite setup failed:\nWebDriverException: Message: unknown error: Chrome failed to start: exited abnormally.\n  (unknown error: DevToolsActivePort file doesn't exist)\n  (The process started from chrome location /usr/bin/google-chrome is no longer running, so ChromeDriver is assuming that Chrome has crashed.)\n"}, {'status': 'FAIL', 'TC113': 'Users', 'message': "Parent suite setup failed:\nWebDriverException: Message: unknown error: Chrome failed to start: exited abnormally.\n  (unknown error: DevToolsActivePort file doesn't exist)\n  (The process started from chrome location /usr/bin/google-chrome is no longer running, so ChromeDriver is assuming that Chrome has crashed.)\n"}, {'status': 'FAIL', 'TC114': 'SNMP Trap Destinations', 'message': "Parent suite setup failed:\nWebDriverException: Message: unknown error: Chrome failed to start: exited abnormally.\n  (unknown error: DevToolsActivePort file doesn't exist)\n  (The process started from chrome location /usr/bin/google-chrome is no longer running, so ChromeDriver is assuming that Chrome has crashed.)\n"}, {'status': 'FAIL', 'TC115': 'Port Forwarders', 'message': "Parent suite setup failed:\nWebDriverException: Message: unknown error: Chrome failed to start: exited abnormally.\n  (unknown error: DevToolsActivePort file doesn't exist)\n  (The process started from chrome location /usr/bin/google-chrome is no longer running, so ChromeDriver is assuming that Chrome has crashed.)\n"}, {'status': 'FAIL', 'TC116': 'User Groups', 'message': "Parent suite setup failed:\nWebDriverException: Message: unknown error: Chrome failed to start: exited abnormally.\n  (unknown error: DevToolsActivePort file doesn't exist)\n  (The process started from chrome location /usr/bin/google-chrome is no longer running, so ChromeDriver is assuming that Chrome has crashed.)\n"}, {'status': 'FAIL', 'TC117': 'Flow Collectors', 'message': "Parent suite setup failed:\nWebDriverException: Message: unknown error: Chrome failed to start: exited abnormally.\n  (unknown error: DevToolsActivePort file doesn't exist)\n  (The process started from chrome location /usr/bin/google-chrome is no longer running, so ChromeDriver is assuming that Chrome has crashed.)\n"}, {'status': 'FAIL', 'TC118': 'Ingress Policy Map', 'message': "Parent suite setup failed:\nWebDriverException: Message: unknown error: Chrome failed to start: exited abnormally.\n  (unknown error: DevToolsActivePort file doesn't exist)\n  (The process started from chrome location /usr/bin/google-chrome is no longer running, so ChromeDriver is assuming that Chrome has crashed.)\n"}, {'status': 'FAIL', 'TC119': 'Network Element', 'message': "Parent suite setup failed:\nWebDriverException: Message: unknown error: Chrome failed to start: exited abnormally.\n  (unknown error: DevToolsActivePort file doesn't exist)\n  (The process started from chrome location /usr/bin/google-chrome is no longer running, so ChromeDriver is assuming that Chrome has crashed.)\n"}, {'status': 'FAIL', 'TC120': 'Egress Flow Class', 'message': "Parent suite setup failed:\nWebDriverException: Message: unknown error: Chrome failed to start: exited abnormally.\n  (unknown error: DevToolsActivePort file doesn't exist)\n  (The process started from chrome location /usr/bin/google-chrome is no longer running, so ChromeDriver is assuming that Chrome has crashed.)\n"}, {'status': 'FAIL', 'TC121': 'Egress Policy Map', 'message': "Parent suite setup failed:\nWebDriverException: Message: unknown error: Chrome failed to start: exited abnormally.\n  (unknown error: DevToolsActivePort file doesn't exist)\n  (The process started from chrome location /usr/bin/google-chrome is no longer running, so ChromeDriver is assuming that Chrome has crashed.)\n"}, {'status': 'FAIL', 'TC122': 'Configure Rateplan', 'message': "Parent suite setup failed:\nWebDriverException: Message: unknown error: Chrome failed to start: exited abnormally.\n  (unknown error: DevToolsActivePort file doesn't exist)\n  (The process started from chrome location /usr/bin/google-chrome is no longer running, so ChromeDriver is assuming that Chrome has crashed.)\n"}, {'status': 'FAIL', 'TC123': 'Configure Policies', 'message': "Parent suite setup failed:\nWebDriverException: Message: unknown error: Chrome failed to start: exited abnormally.\n  (unknown error: DevToolsActivePort file doesn't exist)\n  (The process started from chrome location /usr/bin/google-chrome is no longer running, so ChromeDriver is assuming that Chrome has crashed.)\n"}, {'status': 'FAIL', 'TC124': 'Address Pools', 'message': "Parent suite setup failed:\nWebDriverException: Message: unknown error: Chrome failed to start: exited abnormally.\n  (unknown error: DevToolsActivePort file doesn't exist)\n  (The process started from chrome location /usr/bin/google-chrome is no longer running, so ChromeDriver is assuming that Chrome has crashed.)\n"}, {'status': 'FAIL', 'TC125': 'Hosts', 'message': "Parent suite setup failed:\nWebDriverException: Message: unknown error: Chrome failed to start: exited abnormally.\n  (unknown error: DevToolsActivePort file doesn't exist)\n  (The process started from chrome location /usr/bin/google-chrome is no longer running, so ChromeDriver is assuming that Chrome has crashed.)\n"}, {'status': 'FAIL', 'TC126': 'Conditions', 'message': "Parent suite setup failed:\nWebDriverException: Message: unknown error: Chrome failed to start: exited abnormally.\n  (unknown error: DevToolsActivePort file doesn't exist)\n  (The process started from chrome location /usr/bin/google-chrome is no longer running, so ChromeDriver is assuming that Chrome has crashed.)\n"}, {'status': 'FAIL', 'TC127': 'Ingress Flow Class', 'message': "Parent suite setup failed:\nWebDriverException: Message: unknown error: Chrome failed to start: exited abnormally.\n  (unknown error: DevToolsActivePort file doesn't exist)\n  (The process started from chrome location /usr/bin/google-chrome is no longer running, so ChromeDriver is assuming that Chrome has crashed.)\n"}, {'status': 'FAIL', 'TC128': 'Packet Captors', 'message': "Parent suite setup failed:\nWebDriverException: Message: unknown error: Chrome failed to start: exited abnormally.\n  (unknown error: DevToolsActivePort file doesn't exist)\n  (The process started from chrome location /usr/bin/google-chrome is no longer running, so ChromeDriver is assuming that Chrome has crashed.)\n"}, {'status': 'FAIL', 'TC130': 'Configuring CIR MIR', 'message': "Parent suite setup failed:\nWebDriverException: Message: unknown error: Chrome failed to start: exited abnormally.\n  (unknown error: DevToolsActivePort file doesn't exist)\n  (The process started from chrome location /usr/bin/google-chrome is no longer running, so ChromeDriver is assuming that Chrome has crashed.)\n"}, {'status': 'FAIL', 'TC131': 'ASes', 'message': "Parent suite setup failed:\nWebDriverException: Message: unknown error: Chrome failed to start: exited abnormally.\n  (unknown error: DevToolsActivePort file doesn't exist)\n  (The process started from chrome location /usr/bin/google-chrome is no longer running, so ChromeDriver is assuming that Chrome has crashed.)\n"}, {'status': 'FAIL', 'TC132': 'BGP Listeners', 'message': "Parent suite setup failed:\nWebDriverException: Message: unknown error: Chrome failed to start: exited abnormally.\n  (unknown error: DevToolsActivePort file doesn't exist)\n  (The process started from chrome location /usr/bin/google-chrome is no longer running, so ChromeDriver is assuming that Chrome has crashed.)\n"}, {'status': 'FAIL', 'TC133': 'Best Routes', 'message': "Parent suite setup failed:\nWebDriverException: Message: unknown error: Chrome failed to start: exited abnormally.\n  (unknown error: DevToolsActivePort file doesn't exist)\n  (The process started from chrome location /usr/bin/google-chrome is no longer running, so ChromeDriver is assuming that Chrome has crashed.)\n"}, {'status': 'FAIL', 'TC134': 'Configuring CGNAT', 'message': "Parent suite setup failed:\nWebDriverException: Message: unknown error: Chrome failed to start: exited abnormally.\n  (unknown error: DevToolsActivePort file doesn't exist)\n  (The process started from chrome location /usr/bin/google-chrome is no longer running, so ChromeDriver is assuming that Chrome has crashed.)\n"}, {'status': 'FAIL', 'TC135': 'Reports', 'message': "Parent suite setup failed:\nWebDriverException: Message: unknown error: Chrome failed to start: exited abnormally.\n  (unknown error: DevToolsActivePort file doesn't exist)\n  (The process started from chrome location /usr/bin/google-chrome is no longer running, so ChromeDriver is assuming that Chrome has crashed.)\n"}, {'status': 'FAIL', 'TC201': 'Create, Modify Password, Delete Superuser Administrator From System', 'message': "Parent suite setup failed:\nWebDriverException: Message: unknown error: Chrome failed to start: exited abnormally.\n  (unknown error: DevToolsActivePort file doesn't exist)\n  (The process started from chrome location /usr/bin/google-chrome is no longer running, so ChromeDriver is assuming that Chrome has crashed.)\n"}, {'status': 'FAIL', 'TC202': 'Create, Modify Enabled Unchecked Checked, Delete Superuser Administrator From System', 'message': "Parent suite setup failed:\nWebDriverException: Message: unknown error: Chrome failed to start: exited abnormally.\n  (unknown error: DevToolsActivePort file doesn't exist)\n  (The process started from chrome location /usr/bin/google-chrome is no longer running, so ChromeDriver is assuming that Chrome has crashed.)\n"}, {'status': 'FAIL', 'TC203': 'Enable and disable Administrator From System', 'message': "Parent suite setup failed:\nWebDriverException: Message: unknown error: Chrome failed to start: exited abnormally.\n  (unknown error: DevToolsActivePort file doesn't exist)\n  (The process started from chrome location /usr/bin/google-chrome is no longer running, so ChromeDriver is assuming that Chrome has crashed.)\n"}, {'status': 'FAIL', 'TC204': 'Create Bulk User and verify navigation', 'message': "Parent suite setup failed:\nWebDriverException: Message: unknown error: Chrome failed to start: exited abnormally.\n  (unknown error: DevToolsActivePort file doesn't exist)\n  (The process started from chrome location /usr/bin/google-chrome is no longer running, so ChromeDriver is assuming that Chrome has crashed.)\n"}]
INFO: <2023-08-02 21:08>  Running click_element([('self', <sai_engine.lib.web_scraper_bs4.webScraper object at 0x7f90bace5db0>), ('driver', <selenium.webdriver.chrome.webdriver.WebDriver (session="c5f89b536efaa5e69ff089012d163abd")>), ('element_locator_type', 'LINK_TEXT'), ('value', 'ConOut . History')])
INFO: <2023-08-02 21:08>  Element clicked <a href="#suites?s1-s15"><span class="parent-name">ConOut . </span>History</a>
INFO: <2023-08-02 21:08>  Got the testcase failure details of: [{'status': 'FAIL', 'TC102': 'Verify History Collector for Hosts', 'message': 'History collector test failed'}]
INFO: <2023-08-02 21:08>  Running click_element([('self', <sai_engine.lib.web_scraper_bs4.webScraper object at 0x7f90bace5db0>), ('driver', <selenium.webdriver.chrome.webdriver.WebDriver (session="c5f89b536efaa5e69ff089012d163abd")>), ('element_locator_type', 'LINK_TEXT'), ('value', 'ConOut . Host Limit')])
INFO: <2023-08-02 21:08>  Element clicked <a href="#suites?s1-s16"><span class="parent-name">ConOut . </span>Host Limit</a>
INFO: <2023-08-02 21:08>  Got the testcase failure details of: []
INFO: <2023-08-02 21:08>  Running click_element([('self', <sai_engine.lib.web_scraper_bs4.webScraper object at 0x7f90bace5db0>), ('driver', <selenium.webdriver.chrome.webdriver.WebDriver (session="c5f89b536efaa5e69ff089012d163abd")>), ('element_locator_type', 'LINK_TEXT'), ('value', 'ConOut . Hostequalization')])
INFO: <2023-08-02 21:08>  Element clicked <a href="#suites?s1-s17"><span class="parent-name">ConOut . </span>Hostequalization</a>
INFO: <2023-08-02 21:08>  Got the testcase failure details of: []
INFO: <2023-08-02 21:08>  Running click_element([('self', <sai_engine.lib.web_scraper_bs4.webScraper object at 0x7f90bace5db0>), ('driver', <selenium.webdriver.chrome.webdriver.WebDriver (session="c5f89b536efaa5e69ff089012d163abd")>), ('element_locator_type', 'LINK_TEXT'), ('value', 'ConOut . Hostrate')])
INFO: <2023-08-02 21:08>  Element clicked <a href="#suites?s1-s18"><span class="parent-name">ConOut . </span>Hostrate</a>
INFO: <2023-08-02 21:08>  Got the testcase failure details of: [{'status': 'FAIL', 'TC107': 'Link-Flap: Verify Hostrates Work After STM Link-Flap', 'message': "One or More Hosts Traffic Rate not within acceptable range- Failed Hosts are  {u'100.100.26.1': {'rateplan': u'rpx_1', 'host': u'100.100.26.1', 'cfgrate': 50, 'Result': 'fail', 'actrate': 34.0, 'GoodRange': 'Tolerance 30% 35.0-65.0'}}"}]
INFO: <2023-08-02 21:08>  Running click_element([('self', <sai_engine.lib.web_scraper_bs4.webScraper object at 0x7f90bace5db0>), ('driver', <selenium.webdriver.chrome.webdriver.WebDriver (session="c5f89b536efaa5e69ff089012d163abd")>), ('element_locator_type', 'LINK_TEXT'), ('value', 'ConOut . Kni')])
INFO: <2023-08-02 21:08>  Element clicked <a href="#suites?s1-s19"><span class="parent-name">ConOut . </span>Kni</a>
INFO: <2023-08-02 21:08>  Got the testcase failure details of: []
INFO: <2023-08-02 21:08>  Running click_element([('self', <sai_engine.lib.web_scraper_bs4.webScraper object at 0x7f90bace5db0>), ('driver', <selenium.webdriver.chrome.webdriver.WebDriver (session="c5f89b536efaa5e69ff089012d163abd")>), ('element_locator_type', 'LINK_TEXT'), ('value', 'ConOut . Miscellaneous')])
INFO: <2023-08-02 21:08>  Element clicked <a href="#suites?s1-s20"><span class="parent-name">ConOut . </span>Miscellaneous</a>
INFO: <2023-08-02 21:08>  Got the testcase failure details of: [{'status': 'FAIL', 'TC111': 'Create Delete STM Objects', 'message': '***REST API CALL FAILED , Likely Issue With STM API or STM is Down/Restarted/Crashed etc... error code 400 (BAD REQUEST):\nREQUEST:{}\nRESPONSE:{"message":"rate_plan \'myrp1\' is in use","status":400}\n'}, {'status': 'FAIL', 'TC113': 'Verify Reputation', 'message': 'Expected reputation : blacklist, But actual value reputation : '}, {'status': 'FAIL', 'TC114': 'Apache Crash Test', 'message': "TypeError: unsupported operand type(s) for +: 'float' and 'unicode'"}]
INFO: <2023-08-02 21:08>  Running click_element([('self', <sai_engine.lib.web_scraper_bs4.webScraper object at 0x7f90bace5db0>), ('driver', <selenium.webdriver.chrome.webdriver.WebDriver (session="c5f89b536efaa5e69ff089012d163abd")>), ('element_locator_type', 'LINK_TEXT'), ('value', 'ConOut . Multifib')])
INFO: <2023-08-02 21:08>  Element clicked <a href="#suites?s1-s21"><span class="parent-name">ConOut . </span>Multifib</a>
INFO: <2023-08-02 21:08>  Got the testcase failure details of: [{'status': 'FAIL', 'TC103': 'Verify After STM Crash, Host Rates for overlapping hosts with different Rate-plans works', 'message': 'Host rates verification for one or more hosts failed'}]
INFO: <2023-08-02 21:08>  Running click_element([('self', <sai_engine.lib.web_scraper_bs4.webScraper object at 0x7f90bace5db0>), ('driver', <selenium.webdriver.chrome.webdriver.WebDriver (session="c5f89b536efaa5e69ff089012d163abd")>), ('element_locator_type', 'LINK_TEXT'), ('value', 'ConOut . Multifib-Qinq')])
INFO: <2023-08-02 21:08>  Element clicked <a href="#suites?s1-s22"><span class="parent-name">ConOut . </span>Multifib-Qinq</a>
INFO: <2023-08-02 21:08>  Got the testcase failure details of: []
INFO: <2023-08-02 21:08>  Running click_element([('self', <sai_engine.lib.web_scraper_bs4.webScraper object at 0x7f90bace5db0>), ('driver', <selenium.webdriver.chrome.webdriver.WebDriver (session="c5f89b536efaa5e69ff089012d163abd")>), ('element_locator_type', 'LINK_TEXT'), ('value', 'ConOut . Nat')])
INFO: <2023-08-02 21:08>  Element clicked <a href="#suites?s1-s23"><span class="parent-name">ConOut . </span>Nat</a>
INFO: <2023-08-02 21:08>  Got the testcase failure details of: [{'status': 'FAIL', 'TC1012': ' Verify Iperf Traffic With NAT Address-Pool', 'message': 'One or more iperf3 process did not start.'}, {'status': 'FAIL', 'TC1012': '1 Verify Stickyness', 'message': 'One or more iperf3 process did not start.'}, {'status': 'FAIL', 'TC1012': '2 Verify traffic flow and mapping in NAT table on removal of an ip address from address pool', 'message': 'One or more iperf3 process did not start.'}, {'status': 'FAIL', 'TC1013': ' NAT Sanity Test After stm-crash', 'message': 'One or more iperf3 process did not start.'}, {'status': 'FAIL', 'TC1015': ' Verify Iperf Traffic After Port-Range Has Been Modified', 'message': 'One or more iperf3 process did not start.'}, {'status': 'FAIL', 'TC201': 'Verify Iperf Traffic With Port-Forwarders & Address-Pool & Rate-Plans', 'message': 'Host rates verification for one or more hosts failed'}, {'status': 'FAIL', 'TC2012': ' Verify Iperf Traffic Stops If Port-Forwarders Are Unassigned, Traffic Passes Once port-forwarders are re-assigned To Interface', 'message': 'One or more iperf3 process did not start.'}, {'status': 'FAIL', 'TC2013': ' Verify Port-Forwarders Function works after stm-crash', 'message': 'One or more iperf3 process did not start.'}]
INFO: <2023-08-02 21:08>  Running click_element([('self', <sai_engine.lib.web_scraper_bs4.webScraper object at 0x7f90bace5db0>), ('driver', <selenium.webdriver.chrome.webdriver.WebDriver (session="c5f89b536efaa5e69ff089012d163abd")>), ('element_locator_type', 'LINK_TEXT'), ('value', 'ConOut . Netflow Destinations')])
INFO: <2023-08-02 21:08>  Element clicked <a href="#suites?s1-s24"><span class="parent-name">ConOut . </span>Netflow Destinations</a>
INFO: <2023-08-02 21:08>  Got the testcase failure details of: [{'status': 'FAIL', 'TC202': 'Verify Netflow Destinations Of Type IPFIX Even After STM Restart', 'message': 'Node 10.1.11.76 Linux_up:True STM_up:False  did not Come Up after waiting for 600 secs'}]
INFO: <2023-08-02 21:08>  Running click_element([('self', <sai_engine.lib.web_scraper_bs4.webScraper object at 0x7f90bace5db0>), ('driver', <selenium.webdriver.chrome.webdriver.WebDriver (session="c5f89b536efaa5e69ff089012d163abd")>), ('element_locator_type', 'LINK_TEXT'), ('value', 'ConOut . Pcaps')])
INFO: <2023-08-02 21:08>  Element clicked <a href="#suites?s1-s25"><span class="parent-name">ConOut . </span>Pcaps</a>
INFO: <2023-08-02 21:08>  Got the testcase failure details of: [{'status': 'FAIL', 'TC3021': ' Verify eth.l2tp bump can identify l2tp flows from pcap from spirit telecom', 'message': 'Expected to see - 10000 packets captured - in tcpdumplogs, but got - False'}, {'status': 'FAIL', 'TC3022': ' Verify eth.l2tp bump can identify l2tp flows from pcap from GNS3 l2tp emulation of Cisco 3725 Router', 'message': 'Expected to see - 10000 packets captured - in tcpdumplogs, but got - False'}, {'status': 'FAIL', 'TC401': 'Verify eth.vlan-any can transparently pass l2tp packets, l2tp encap is not configured on vlan interface', 'message': 'Expected to see - 10000 packets captured - in tcpdumplogs, but got - False'}, {'status': 'FAIL', 'TC402': 'Verify eth.vlan-any.l2tp can identify l2tp flows', 'message': 'Expected to see - 10000 packets captured - in tcpdumplogs, but got - False'}]
INFO: <2023-08-02 21:08>  Running click_element([('self', <sai_engine.lib.web_scraper_bs4.webScraper object at 0x7f90bace5db0>), ('driver', <selenium.webdriver.chrome.webdriver.WebDriver (session="c5f89b536efaa5e69ff089012d163abd")>), ('element_locator_type', 'LINK_TEXT'), ('value', 'ConOut . Peerinterfacetrack')])
INFO: <2023-08-02 21:08>  Element clicked <a href="#suites?s1-s26"><span class="parent-name">ConOut . </span>Peerinterfacetrack</a>
INFO: <2023-08-02 21:08>  Got the testcase failure details of: [{'status': 'FAIL', 'TC101': 'Verify Interface States Do Not Mirror When Tracking Is Disabled', 'message': 'Traffic not within tolerance - Samples receive_rate stm9 [0.0, 0.0, 0.0, 9.6, 0.0, 0.0, 0.0, 0.0, 0.0, 0.0, 0.0, 0.0, 0.0, 0.0, 0.0, 0.0, 0.0, 0.0, 0.0, 0.0] actual avg 0.48, expected 1000000 ,                       tolerance 30'}, {'status': 'FAIL', 'TC106': 'Verify Admin Down Port Mirrors The State On Reload', 'message': "Interfaces Operational State Match [ up ]  Fails for these interfaces STM:[u'stm8.any', u'stm9', u'stm6.any', u'stm7.any', u'stm9.any', u'stm6', u'stm8', u'stm7'] "}]
INFO: <2023-08-02 21:08>  Running click_element([('self', <sai_engine.lib.web_scraper_bs4.webScraper object at 0x7f90bace5db0>), ('driver', <selenium.webdriver.chrome.webdriver.WebDriver (session="c5f89b536efaa5e69ff089012d163abd")>), ('element_locator_type', 'LINK_TEXT'), ('value', 'ConOut . Persistency 7 3 1')])
INFO: <2023-08-02 21:08>  Element clicked <a href="#suites?s1-s27"><span class="parent-name">ConOut . </span>Persistency 7 3 1</a>
INFO: <2023-08-02 21:08>  Got the testcase failure details of: []
INFO: <2023-08-02 21:08>  Running click_element([('self', <sai_engine.lib.web_scraper_bs4.webScraper object at 0x7f90bace5db0>), ('driver', <selenium.webdriver.chrome.webdriver.WebDriver (session="c5f89b536efaa5e69ff089012d163abd")>), ('element_locator_type', 'LINK_TEXT'), ('value', 'ConOut . Policyobject')])
INFO: <2023-08-02 21:08>  Element clicked <a href="#suites?s1-s28"><span class="parent-name">ConOut . </span>Policyobject</a>
INFO: <2023-08-02 21:08>  Got the testcase failure details of: [{'status': 'FAIL', 'TC101': 'Create Necessary Policy & ACL & RatePlans & AccessPoints Configs', 'message': '***REST API CALL FAILED , Likely Issue With STM API or STM is Down/Restarted/Crashed etc... error code 405 (METHOD NOT ALLOWED):\nREQUEST:{\'source_subnet\': \'11.11.1.0/24\', \'symmetric\': \'True\', \'protocol_number\': \'23\', \'name\': \'acl1\', \'source_ports\': \'600\', \'dest_subnet\': \'12.11.1.0/24\', \'ip_tos\': \'1\', \'dest_ports\': \'600\'}\nRESPONSE:<!DOCTYPE HTML PUBLIC "-//W3C//DTD HTML 3.2 Final//EN">\n<title>405 Method Not Allowed</title>\n<h1>Method Not Allowed</h1>\n<p>The method is not allowed for the requested URL.</p>\n'}, {'status': 'FAIL', 'TC102': 'Verify Policy Objects Propogate To IFC', 'message': 'Cannot compare metadata as some objects empty [] []'}, {'status': 'FAIL', 'TC103': 'Verify Policy Objects Propogate To IPM', 'message': 'Cannot compare metadata as some objects empty [] []'}, {'status': 'FAIL', 'TC104': 'Verify Policy Objects Propogate To EPM', 'message': 'Cannot compare metadata as some objects empty [] []'}, {'status': 'FAIL', 'TC105': 'Verify Policies Objects Values in IPM/EPM/IFC After Stm Crash', 'message': '0.0 != 100.0'}, {'status': 'FAIL', 'TC106': 'Verify Policies Objects Values in IPM/EPM/IFC After Stm Reboot', 'message': '0.0 != 100.0'}, {'status': 'FAIL', 'TC108': 'Verify flows are categorised based on user', 'message': '***REST API CALL FAILED , Likely Issue With STM API or STM is Down/Restarted/Crashed etc... error code 400 (BAD REQUEST):\nREQUEST:{\'users\': \'user-internal-11.11.1.1\', \'top_host\': \'dontcare\', \'name\': \'user1_pol\', \'chargeable\': \'dontcare\', \'shaped\': \'false\', \'attach_to_tunnel\': \'true\', \'attach_to_rate_plan\': \'true\', \'enabled\': \'true\', \'attach_to_interface\': \'true\', \'attach_to_access_point\': \'false\'}\nRESPONSE:{"message":"user \'user-internal-11.11.1.1\' does not exist for \'users\'","status":400}\n'}]
INFO: <2023-08-02 21:08>  Running click_element([('self', <sai_engine.lib.web_scraper_bs4.webScraper object at 0x7f90bace5db0>), ('driver', <selenium.webdriver.chrome.webdriver.WebDriver (session="c5f89b536efaa5e69ff089012d163abd")>), ('element_locator_type', 'LINK_TEXT'), ('value', 'ConOut . Quota')])
INFO: <2023-08-02 21:08>  Element clicked <a href="#suites?s1-s29"><span class="parent-name">ConOut . </span>Quota</a>
INFO: <2023-08-02 21:08>  Got the testcase failure details of: [{'status': 'FAIL', 'TC105': 'Verify quota_byte Counters Are Retained When STM Crashes', 'message': "Some Users quota_bytes not as expected ->{u'user-internal-100.100.5.1': {'quota_bytes_diff_test': False, 'quota_bytes_after': 0, 'quota_bytes': 1100557717, 'quota_bytes_diff_percent': 100.0, 'quota_met': True, 'quota_bytes_before': 1100557717, 'quota': 1020000000, 'quota_bytes_diff_tolerance_percent': 10, 'quota_bytes_diff': 1100557717}, u'user-internal-100.100.13.1': {'quota_bytes_diff_test': False, 'quota_bytes_after': 0, 'quota_bytes': 1590748094, 'quota_bytes_diff_percent': 100.0, 'quota_met': True, 'quota_bytes_before': 1590748094, 'quota': 1030000000, 'quota_bytes_diff_tolerance_percent': 10, 'quota_bytes_diff': 1590748094}, u'user-internal-100.100.4.1': {'quota_bytes_diff_test': False, 'quota_bytes_after': 0, 'quota_bytes': 1018722559, 'quota_bytes_diff_percent': 100.0, 'quota_met': False, 'quota_bytes_before': 1018722559, 'quota': 1040000000, 'quota_bytes_diff_tolerance_percent': 10, 'quota_bytes_diff': 1018722559}, u'user-internal-100.100.1.1': {'quota_bytes_diff_test': False, 'quota_bytes_after': 0, 'quota_bytes': 132172851, 'quota_bytes_diff_percent': 100.0, 'quota_met': False, 'quota_bytes_before': 132172851, 'quota': 1000000000, 'quota_bytes_diff_tolerance_percent': 10, 'quota_bytes_diff': 132172851}, u'user-internal-100.100.20.1': {'quota_bytes_diff_test': False, 'quota_bytes_after': 0, 'quota_bytes': 2147926005, 'quota_bytes_diff_percent': 100.0, 'quota_met': True, 'quota_bytes_before': 2147926005, 'quota': 1050000000, 'quota_bytes_diff_tolerance_percent': 10, 'quota_bytes_diff': 2147926005}, u'user-internal-100.100....\n    [ Message content over the limit has been removed. ]\n..._diff_tolerance_percent': 10, 'quota_bytes_diff': 1669032973}, u'user-internal-100.100.18.1': {'quota_bytes_diff_test': False, 'quota_bytes_after': 0, 'quota_bytes': 1975030904, 'quota_bytes_diff_percent': 100.0, 'quota_met': True, 'quota_bytes_before': 1975030904, 'quota': 1130000000, 'quota_bytes_diff_tolerance_percent': 10, 'quota_bytes_diff': 1975030904}, u'user-internal-100.100.19.1': {'quota_bytes_diff_test': False, 'quota_bytes_after': 0, 'quota_bytes': 1064762970, 'quota_bytes_diff_percent': 100.0, 'quota_met': False, 'quota_bytes_before': 1064762970, 'quota': 1180000000, 'quota_bytes_diff_tolerance_percent': 10, 'quota_bytes_diff': 1064762970}, u'user-internal-100.100.10.1': {'quota_bytes_diff_test': False, 'quota_bytes_after': 0, 'quota_bytes': 1446594698, 'quota_bytes_diff_percent': 100.0, 'quota_met': True, 'quota_bytes_before': 1446594698, 'quota': 1120000000, 'quota_bytes_diff_tolerance_percent': 10, 'quota_bytes_diff': 1446594698}, u'user-internal-100.100.9.1': {'quota_bytes_diff_test': False, 'quota_bytes_after': 0, 'quota_bytes': 1371606155, 'quota_bytes_diff_percent': 100.0, 'quota_met': True, 'quota_bytes_before': 1371606155, 'quota': 1150000000, 'quota_bytes_diff_tolerance_percent': 10, 'quota_bytes_diff': 1371606155}, u'user-internal-100.100.15.1': {'quota_bytes_diff_test': False, 'quota_bytes_after': 0, 'quota_bytes': 1759596485, 'quota_bytes_diff_percent': 100.0, 'quota_met': True, 'quota_bytes_before': 1759596485, 'quota': 1190000000, 'quota_bytes_diff_tolerance_percent': 10, 'quota_bytes_diff': 1759596485}}"}]
INFO: <2023-08-02 21:08>  Running click_element([('self', <sai_engine.lib.web_scraper_bs4.webScraper object at 0x7f90bace5db0>), ('driver', <selenium.webdriver.chrome.webdriver.WebDriver (session="c5f89b536efaa5e69ff089012d163abd")>), ('element_locator_type', 'LINK_TEXT'), ('value', 'ConOut . Rateplans Tests')])
INFO: <2023-08-02 21:08>  Element clicked <a href="#suites?s1-s30"><span class="parent-name">ConOut . </span>Rateplans Tests</a>
INFO: <2023-08-02 21:08>  Got the testcase failure details of: [{'status': 'FAIL', 'TC102': 'Verify Rateplans With Rates Lower Than 500kbps', 'message': 'Host rates verification for one or more hosts failed'}]
INFO: <2023-08-02 21:08>  Running click_element([('self', <sai_engine.lib.web_scraper_bs4.webScraper object at 0x7f90bace5db0>), ('driver', <selenium.webdriver.chrome.webdriver.WebDriver (session="c5f89b536efaa5e69ff089012d163abd")>), ('element_locator_type', 'LINK_TEXT'), ('value', 'ConOut . Redirect')])
INFO: <2023-08-02 21:08>  Element clicked <a href="#suites?s1-s31"><span class="parent-name">ConOut . </span>Redirect</a>
INFO: <2023-08-02 21:08>  Got the testcase failure details of: [{'status': 'FAIL', 'TC106': 'Verify Redirect Works When a Bunch(1000) Of Hosts Are Redirected As Soon As STM Is Reloaded And Comes Up', 'message': '**WGET RESULT http_302:tolerance 10%, Expected [0.9-1.1] Actual 0'}]
INFO: <2023-08-02 21:08>  Running click_element([('self', <sai_engine.lib.web_scraper_bs4.webScraper object at 0x7f90bace5db0>), ('driver', <selenium.webdriver.chrome.webdriver.WebDriver (session="c5f89b536efaa5e69ff089012d163abd")>), ('element_locator_type', 'LINK_TEXT'), ('value', 'ConOut . Redirect Singlebump')])
INFO: <2023-08-02 21:08>  Element clicked <a href="#suites?s1-s32"><span class="parent-name">ConOut . </span>Redirect Singlebump</a>
INFO: <2023-08-02 21:08>  Got the testcase failure details of: []
INFO: <2023-08-02 21:08>  Running click_element([('self', <sai_engine.lib.web_scraper_bs4.webScraper object at 0x7f90bace5db0>), ('driver', <selenium.webdriver.chrome.webdriver.WebDriver (session="c5f89b536efaa5e69ff089012d163abd")>), ('element_locator_type', 'LINK_TEXT'), ('value', 'ConOut . Script Infra Gui 7 3 1')])
INFO: <2023-08-02 21:08>  Element clicked <a href="#suites?s1-s33"><span class="parent-name">ConOut . </span>Script Infra Gui 7 3 1</a>
INFO: <2023-08-02 21:08>  Got the testcase failure details of: [{'status': 'FAIL', 'TC1210': ' Verify Next Run Execution', 'message': "'2021-10-27 18:43:34,847 INFO  script 'test_script_x' start  : /etc/stmfiles/files/scripts/single_hello.py arg1\n2021-10-27 18:44:34,841 INFO  script 'test_script_x' start  : /etc/stmfiles/files/scripts/single_hello.py arg1\n2021-10-27 18:45:34,837 INFO  script 'test_script_x' start  : /etc/stmfiles/files/scripts/single_hello.py arg1\n' does not contain '10:44:34'"}]
INFO: <2023-08-02 21:08>  Running click_element([('self', <sai_engine.lib.web_scraper_bs4.webScraper object at 0x7f90bace5db0>), ('driver', <selenium.webdriver.chrome.webdriver.WebDriver (session="c5f89b536efaa5e69ff089012d163abd")>), ('element_locator_type', 'LINK_TEXT'), ('value', 'ConOut . Subnethost')])
INFO: <2023-08-02 21:08>  Element clicked <a href="#suites?s1-s34"><span class="parent-name">ConOut . </span>Subnethost</a>
INFO: <2023-08-02 21:08>  Got the testcase failure details of: []
INFO: <2023-08-02 21:08>  Running click_element([('self', <sai_engine.lib.web_scraper_bs4.webScraper object at 0x7f90bace5db0>), ('driver', <selenium.webdriver.chrome.webdriver.WebDriver (session="c5f89b536efaa5e69ff089012d163abd")>), ('element_locator_type', 'LINK_TEXT'), ('value', 'ConOut . Timed')])
INFO: <2023-08-02 21:08>  Element clicked <a href="#suites?s1-s35"><span class="parent-name">ConOut . </span>Timed</a>
INFO: <2023-08-02 21:08>  Got the testcase failure details of: [{'status': 'FAIL', 'TC101': 'Verify games POLICY rate changes according to the timed policy changes', 'message': 'Traffic rate verification for one or more Policies failed'}, {'status': 'FAIL', 'TC102': 'Apply Timed Policy To VOIP And Delete It Before Timed Kicks In, Validate There Is No Negative Effect', 'message': 'Traffic rate verification for one or more Policies failed'}]
INFO: <2023-08-02 21:08>  Running click_element([('self', <sai_engine.lib.web_scraper_bs4.webScraper object at 0x7f90bace5db0>), ('driver', <selenium.webdriver.chrome.webdriver.WebDriver (session="c5f89b536efaa5e69ff089012d163abd")>), ('element_locator_type', 'LINK_TEXT'), ('value', 'ConOut . User Applications Counters')])
INFO: <2023-08-02 21:08>  Element clicked <a href="#suites?s1-s36"><span class="parent-name">ConOut . </span>User Applications Counters</a>
INFO: <2023-08-02 21:08>  Got the testcase failure details of: []
INFO: <2023-08-02 21:08>  Running click_element([('self', <sai_engine.lib.web_scraper_bs4.webScraper object at 0x7f90bace5db0>), ('driver', <selenium.webdriver.chrome.webdriver.WebDriver (session="c5f89b536efaa5e69ff089012d163abd")>), ('element_locator_type', 'LINK_TEXT'), ('value', 'ConOut . Userlistner')])
INFO: <2023-08-02 21:08>  Element clicked <a href="#suites?s1-s37"><span class="parent-name">ConOut . </span>Userlistner</a>
INFO: <2023-08-02 21:08>  Got the testcase failure details of: [{'status': 'FAIL', 'TC101': 'Verify user_listner script, Hosts/Users Are Added When Traffic is Starts, Also Verify stm crash', 'message': "One or More Users are missing -['User-100.100.1.1', 'User-100.100.2.1', 'User-100.100.3.1', 'User-100.100.4.1', 'User-100.100.5.1', 'User-100.100.6.1', 'User-100.100.7.1', 'User-100.100.8.1', 'User-100.100.9.1', 'User-100.100.10.1', 'User-100.100.11.1', 'User-100.100.12.1', 'User-100.100.13.1', 'User-100.100.14.1', 'User-100.100.15.1', 'User-100.100.16.1', 'User-100.100.17.1', 'User-100.100.18.1', 'User-100.100.19.1', 'User-100.100.20.1', 'User-100.100.21.1', 'User-100.100.22.1', 'User-100.100.23.1', 'User-100.100.24.1', 'User-100.100.25.1', 'User-100.100.26.1', 'User-100.100.27.1', 'User-100.100.28.1', 'User-100.100.29.1', 'User-100.100.30.1', 'User-100.100.31.1', 'User-100.100.32.1', 'User-100.100.33.1', 'User-100.100.34.1', 'User-100.100.35.1', 'User-100.100.36.1', 'User-100.100.37.1', 'User-100.100.38.1', 'User-100.100.39.1', 'User-100.100.40.1', 'User-100.100.41.1', 'User-100.100.42.1', 'User-100.100.43.1', 'User-100.100.44.1', 'User-100.100.45.1', 'User-100.100.46.1', 'User-100.100.47.1', 'User-100.100.48.1', 'User-100.100.49.1', 'User-100.100.50.1', 'User-100.100.51.1', 'User-100.100.52.1', 'User-100.100.53.1', 'User-100.100.54.1', 'User-100.100.55.1', 'User-100.100.56.1', 'User-100.100.57.1', 'User-100.100.58.1', 'User-100.100.59.1', 'User-100.100.60.1', 'User-100.100.61.1', 'User-100.100.62.1', 'User-100.100.63.1', 'User-100.100.64.1', 'User-100.100.65.1', 'User-100.100.66.1', 'User-100.100.67.1', 'User-100.100.68.1', 'User-100.100.69.1', 'User-100.100.70.1', 'User-100.100.71.1', 'User-100.100.72.1', 'User-100.100.73.1', 'User-100.100.74.1', 'User-100.100.75.1', 'User-100.100.76.1', 'User-100.100.77.1', 'User-100.100.78.1', 'User-100.100.79.1', 'User-100.100.80.1', 'User-100.100.81.1', 'User-100.100.82.1', 'User-100.100.83.1', 'User-100.100.84.1', 'User-100.100.85.1', 'User-100.100.86.1', 'User-100.100.87.1', 'User-100.100.88.1', 'User-100.100.89.1', 'User-100.100.90.1', 'User-100.100.91.1', 'User-100.100.92.1', 'User-100.100.93.1', 'User-100.100.94.1', 'User-100.100.95.1', 'User-100.100.96.1', 'User-100.100.97.1', 'User-100.100.98.1', 'User-100.100.99.1', 'User-100.100.100.1']"}, {'status': 'FAIL', 'TC102': 'Verify user_listner script After STM Reboot', 'message': "One or More Users are missing -['User-100.100.1.1', 'User-100.100.2.1', 'User-100.100.3.1', 'User-100.100.4.1', 'User-100.100.5.1', 'User-100.100.6.1', 'User-100.100.7.1', 'User-100.100.8.1', 'User-100.100.9.1', 'User-100.100.10.1', 'User-100.100.11.1', 'User-100.100.12.1', 'User-100.100.13.1', 'User-100.100.14.1', 'User-100.100.15.1', 'User-100.100.16.1', 'User-100.100.17.1', 'User-100.100.18.1', 'User-100.100.19.1', 'User-100.100.20.1', 'User-100.100.21.1', 'User-100.100.22.1', 'User-100.100.23.1', 'User-100.100.24.1', 'User-100.100.25.1', 'User-100.100.26.1', 'User-100.100.27.1', 'User-100.100.28.1', 'User-100.100.29.1', 'User-100.100.30.1', 'User-100.100.31.1', 'User-100.100.32.1', 'User-100.100.33.1', 'User-100.100.34.1', 'User-100.100.35.1', 'User-100.100.36.1', 'User-100.100.37.1', 'User-100.100.38.1', 'User-100.100.39.1', 'User-100.100.40.1', 'User-100.100.41.1', 'User-100.100.42.1', 'User-100.100.43.1', 'User-100.100.44.1', 'User-100.100.45.1', 'User-100.100.46.1', 'User-100.100.47.1', 'User-100.100.48.1', 'User-100.100.49.1', 'User-100.100.50.1', 'User-100.100.51.1', 'User-100.100.52.1', 'User-100.100.53.1', 'User-100.100.54.1', 'User-100.100.55.1', 'User-100.100.56.1', 'User-100.100.57.1', 'User-100.100.58.1', 'User-100.100.59.1', 'User-100.100.60.1', 'User-100.100.61.1', 'User-100.100.62.1', 'User-100.100.63.1', 'User-100.100.64.1', 'User-100.100.65.1', 'User-100.100.66.1', 'User-100.100.67.1', 'User-100.100.68.1', 'User-100.100.69.1', 'User-100.100.70.1', 'User-100.100.71.1', 'User-100.100.72.1', 'User-100.100.73.1', 'User-100.100.74.1', 'User-100.100.75.1', 'User-100.100.76.1', 'User-100.100.77.1', 'User-100.100.78.1', 'User-100.100.79.1', 'User-100.100.80.1', 'User-100.100.81.1', 'User-100.100.82.1', 'User-100.100.83.1', 'User-100.100.84.1', 'User-100.100.85.1', 'User-100.100.86.1', 'User-100.100.87.1', 'User-100.100.88.1', 'User-100.100.89.1', 'User-100.100.90.1', 'User-100.100.91.1', 'User-100.100.92.1', 'User-100.100.93.1', 'User-100.100.94.1', 'User-100.100.95.1', 'User-100.100.96.1', 'User-100.100.97.1', 'User-100.100.98.1', 'User-100.100.99.1', 'User-100.100.100.1']"}]
